[DEBUG] 2019-06-17 20:27:38 [main] DataValidator:45 - JOIN STRING: 4 43 53 63 73 54 95 42 61 83 75 71 
28 53 30 53 68 93 11 31 35 78 78 39 
11 65 15 73 97 92 82 65 86 20 13 65 
51 34 94 14 19 38 33 34 35 60 2 34 
66 76 54 50 70 42 36 30 3 32 4 46 
75 71 42 2 60 84 36 94 35 54 27 21 
82 10 81 93 5 76 29 48 80 90 42 91 
81 0 25 59 77 58 71 72 42 85 96 49 
97 0 54 39 9 67 82 52 17 19 28 68 
25 50 22 47 20 7 88 45 15 45 63 21 
30 19 40 1 89 63 38 24 97 97 84 91 
61 5 90 18 51 42 36 80 0 89 59 62 

[DEBUG] 2019-06-17 20:27:38 [main] DataValidator:45 - JOIN STRING: 4 43 53 63 73 54 95 42 61 83 75 71 
28 53 30 53 68 93 11 31 35 78 78 39 
11 65 15 73 97 92 82 65 86 20 13 65 
51 34 94 14 19 38 33 34 35 60 2 34 
66 76 54 50 70 42 36 30 3 32 4 46 
75 71 42 2 60 84 36 94 35 54 27 21 
82 10 81 93 5 76 29 48 80 90 42 91 
81 0 25 59 77 58 71 72 42 85 96 49 
97 0 54 39 9 67 82 52 17 19 28 68 
25 50 22 47 20 7 88 45 15 45 63 21 
30 19 40 1 89 63 38 24 97 97 84 91 
61 5 90 18 51 42 36 80 0 89 59 62 
45 5 3 28 41 20 80 5 72 87 11 20 

[DEBUG] 2019-06-17 20:27:38 [main] CubeMatrixValidator:13 - [4 43 53 63 73 54 95 42 61 83 75 71 , 28 53 30 53 68 93 11 31 35 78 78 39 , 11 65 15 73 97 92 82 65 86 20 13 65 , 51 34 94 14 19 38 33 34 35 60 2 34 , 66 76 54 50 70 42 36 30 3 32 4 46 , 75 71 42 2 60 84 36 94 35 54 27 21 , 82 10 81 93 5 76 29 48 80 90 42 91 , 81 0 25 59 77 58 71 72 42 85 96 49 , 97 0 54 39 9 67 82 52 17 19 28 68 , 25 50 22 47 20 7 88 45 15 45 63 21 , 30 19 40 1 89 63 38 24 97 97 84 91 , 61 5 90 18 51 42 36 80 0 89 59 62 , 45 5 3 28 41 20 80 5 72 87 11 20 ]
[DEBUG] 2019-06-17 20:27:38 [main] CubeMatrixValidator:17 - [4, 43, 53, 63, 73, 54, 95, 42, 61, 83, 75, 71]
[DEBUG] 2019-06-17 20:27:38 [main] DataValidator:48 - Matrix is not valid.
[DEBUG] 2019-06-17 20:27:38 [main] DataValidator:45 - JOIN STRING: 61 21 86 85 72 50 30 99 

[DEBUG] 2019-06-17 20:27:38 [main] DataValidator:45 - JOIN STRING: 61 21 86 85 72 50 30 99 
54 71 93 37 70 37 4 95 

[DEBUG] 2019-06-17 20:27:38 [main] DataValidator:45 - JOIN STRING: 61 21 86 85 72 50 30 99 
54 71 93 37 70 37 4 95 
82 42 42 22 23 45 83 52 

[DEBUG] 2019-06-17 20:27:38 [main] DataValidator:45 - JOIN STRING: 61 21 86 85 72 50 30 99 
54 71 93 37 70 37 4 95 
82 42 42 22 23 45 83 52 
98 6 89 79 73 27 53 18 

[DEBUG] 2019-06-17 20:27:38 [main] DataValidator:45 - JOIN STRING: 61 21 86 85 72 50 30 99 
54 71 93 37 70 37 4 95 
82 42 42 22 23 45 83 52 
98 6 89 79 73 27 53 18 
86 14 54 61 2 18 91 81 

[DEBUG] 2019-06-17 20:27:38 [main] DataValidator:45 - JOIN STRING: 61 21 86 85 72 50 30 99 
54 71 93 37 70 37 4 95 
82 42 42 22 23 45 83 52 
98 6 89 79 73 27 53 18 
86 14 54 61 2 18 91 81 
69 58 90 51 34 25 69 95 

[DEBUG] 2019-06-17 20:27:38 [main] DataValidator:45 - JOIN STRING: 61 21 86 85 72 50 30 99 
54 71 93 37 70 37 4 95 
82 42 42 22 23 45 83 52 
98 6 89 79 73 27 53 18 
86 14 54 61 2 18 91 81 
69 58 90 51 34 25 69 95 
38 29 64 95 31 35 85 34 

[DEBUG] 2019-06-17 20:27:38 [main] DataValidator:45 - JOIN STRING: 61 21 86 85 72 50 30 99 
54 71 93 37 70 37 4 95 
82 42 42 22 23 45 83 52 
98 6 89 79 73 27 53 18 
86 14 54 61 2 18 91 81 
69 58 90 51 34 25 69 95 
38 29 64 95 31 35 85 34 
23 35 26 23 32 25 22 41 

[DEBUG] 2019-06-17 20:27:38 [main] CubeMatrixValidator:13 - [61 21 86 85 72 50 30 99 , 54 71 93 37 70 37 4 95 , 82 42 42 22 23 45 83 52 , 98 6 89 79 73 27 53 18 , 86 14 54 61 2 18 91 81 , 69 58 90 51 34 25 69 95 , 38 29 64 95 31 35 85 34 , 23 35 26 23 32 25 22 41 ]
[DEBUG] 2019-06-17 20:27:38 [main] CubeMatrixValidator:17 - [61, 21, 86, 85, 72, 50, 30, 99]
[DEBUG] 2019-06-17 20:27:38 [main] CubeMatrixValidator:17 - [54, 71, 93, 37, 70, 37, 4, 95]
[DEBUG] 2019-06-17 20:27:38 [main] CubeMatrixValidator:17 - [82, 42, 42, 22, 23, 45, 83, 52]
[DEBUG] 2019-06-17 20:27:38 [main] CubeMatrixValidator:17 - [98, 6, 89, 79, 73, 27, 53, 18]
[DEBUG] 2019-06-17 20:27:38 [main] CubeMatrixValidator:17 - [86, 14, 54, 61, 2, 18, 91, 81]
[DEBUG] 2019-06-17 20:27:38 [main] CubeMatrixValidator:17 - [69, 58, 90, 51, 34, 25, 69, 95]
[DEBUG] 2019-06-17 20:27:38 [main] CubeMatrixValidator:17 - [38, 29, 64, 95, 31, 35, 85, 34]
[DEBUG] 2019-06-17 20:27:38 [main] CubeMatrixValidator:17 - [23, 35, 26, 23, 32, 25, 22, 41]
[DEBUG] 2019-06-17 20:27:38 [main] DataValidator:57 - N : 8
[DEBUG] 2019-06-17 20:27:38 [main] DataValidator:58 - M : 3
[DEBUG] 2019-06-17 20:27:38 [main] DataValidator:45 - JOIN STRING: 43 55 27 8 16 27 11 15 

[DEBUG] 2019-06-17 20:27:38 [main] DataValidator:45 - JOIN STRING: 43 55 27 8 16 27 11 15 
57 97 20 37 45 30 42 0 

[DEBUG] 2019-06-17 20:27:38 [main] DataValidator:45 - JOIN STRING: 43 55 27 8 16 27 11 15 
57 97 20 37 45 30 42 0 
1 80 93 56 91 35 69 9 

[DEBUG] 2019-06-17 20:27:38 [main] DataValidator:45 - JOIN STRING: 43 55 27 8 16 27 11 15 
57 97 20 37 45 30 42 0 
1 80 93 56 91 35 69 9 
0 66 67 56 8 82 73 19 

[DEBUG] 2019-06-17 20:27:38 [main] DataValidator:45 - JOIN STRING: 43 55 27 8 16 27 11 15 
57 97 20 37 45 30 42 0 
1 80 93 56 91 35 69 9 
0 66 67 56 8 82 73 19 
29 99 97 1 0 59 74 64 

[DEBUG] 2019-06-17 20:27:38 [main] DataValidator:45 - JOIN STRING: 43 55 27 8 16 27 11 15 
57 97 20 37 45 30 42 0 
1 80 93 56 91 35 69 9 
0 66 67 56 8 82 73 19 
29 99 97 1 0 59 74 64 
19 93 69 55 20 61 60 68 

[DEBUG] 2019-06-17 20:27:38 [main] DataValidator:45 - JOIN STRING: 43 55 27 8 16 27 11 15 
57 97 20 37 45 30 42 0 
1 80 93 56 91 35 69 9 
0 66 67 56 8 82 73 19 
29 99 97 1 0 59 74 64 
19 93 69 55 20 61 60 68 
23 14 53 11 53 93 18 29 

[DEBUG] 2019-06-17 20:27:38 [main] DataValidator:45 - JOIN STRING: 43 55 27 8 16 27 11 15 
57 97 20 37 45 30 42 0 
1 80 93 56 91 35 69 9 
0 66 67 56 8 82 73 19 
29 99 97 1 0 59 74 64 
19 93 69 55 20 61 60 68 
23 14 53 11 53 93 18 29 
53 47 56 67 0 82 46 75 

[DEBUG] 2019-06-17 20:27:38 [main] CubeMatrixValidator:13 - [43 55 27 8 16 27 11 15 , 57 97 20 37 45 30 42 0 , 1 80 93 56 91 35 69 9 , 0 66 67 56 8 82 73 19 , 29 99 97 1 0 59 74 64 , 19 93 69 55 20 61 60 68 , 23 14 53 11 53 93 18 29 , 53 47 56 67 0 82 46 75 ]
[DEBUG] 2019-06-17 20:27:38 [main] CubeMatrixValidator:17 - [43, 55, 27, 8, 16, 27, 11, 15]
[DEBUG] 2019-06-17 20:27:38 [main] CubeMatrixValidator:17 - [57, 97, 20, 37, 45, 30, 42, 0]
[DEBUG] 2019-06-17 20:27:38 [main] CubeMatrixValidator:17 - [1, 80, 93, 56, 91, 35, 69, 9]
[DEBUG] 2019-06-17 20:27:38 [main] CubeMatrixValidator:17 - [0, 66, 67, 56, 8, 82, 73, 19]
[DEBUG] 2019-06-17 20:27:38 [main] CubeMatrixValidator:17 - [29, 99, 97, 1, 0, 59, 74, 64]
[DEBUG] 2019-06-17 20:27:38 [main] CubeMatrixValidator:17 - [19, 93, 69, 55, 20, 61, 60, 68]
[DEBUG] 2019-06-17 20:27:38 [main] CubeMatrixValidator:17 - [23, 14, 53, 11, 53, 93, 18, 29]
[DEBUG] 2019-06-17 20:27:38 [main] CubeMatrixValidator:17 - [53, 47, 56, 67, 0, 82, 46, 75]
[DEBUG] 2019-06-17 20:27:38 [main] DataValidator:57 - N : 8
[DEBUG] 2019-06-17 20:27:38 [main] DataValidator:58 - M : 7
[DEBUG] 2019-06-17 20:27:38 [main] DataValidator:45 - JOIN STRING: asd asd asd asd 48 asd 43 23 

[DEBUG] 2019-06-17 20:27:38 [main] DataValidator:45 - JOIN STRING: asd asd asd asd 48 asd 43 23 
40 asd 61 asd 48 asd asd asd 

[DEBUG] 2019-06-17 20:27:38 [main] DataValidator:45 - JOIN STRING: asd asd asd asd 48 asd 43 23 
40 asd 61 asd 48 asd asd asd 
87 15 asd 53 6 asd 82 asd 

[DEBUG] 2019-06-17 20:27:38 [main] DataValidator:45 - JOIN STRING: asd asd asd asd 48 asd 43 23 
40 asd 61 asd 48 asd asd asd 
87 15 asd 53 6 asd 82 asd 
asd asd asd 48 asd 91 asd asd 

[DEBUG] 2019-06-17 20:27:38 [main] DataValidator:45 - JOIN STRING: asd asd asd asd 48 asd 43 23 
40 asd 61 asd 48 asd asd asd 
87 15 asd 53 6 asd 82 asd 
asd asd asd 48 asd 91 asd asd 
asd asd 66 asd asd 84 23 asd 

[DEBUG] 2019-06-17 20:27:38 [main] DataValidator:45 - JOIN STRING: asd asd asd asd 48 asd 43 23 
40 asd 61 asd 48 asd asd asd 
87 15 asd 53 6 asd 82 asd 
asd asd asd 48 asd 91 asd asd 
asd asd 66 asd asd 84 23 asd 
85 asd 32 96 90 asd asd asd 

[DEBUG] 2019-06-17 20:27:38 [main] DataValidator:45 - JOIN STRING: asd asd asd asd 48 asd 43 23 
40 asd 61 asd 48 asd asd asd 
87 15 asd 53 6 asd 82 asd 
asd asd asd 48 asd 91 asd asd 
asd asd 66 asd asd 84 23 asd 
85 asd 32 96 90 asd asd asd 
6 asd asd 71 asd 76 asd 96 

[DEBUG] 2019-06-17 20:27:38 [main] DataValidator:45 - JOIN STRING: asd asd asd asd 48 asd 43 23 
40 asd 61 asd 48 asd asd asd 
87 15 asd 53 6 asd 82 asd 
asd asd asd 48 asd 91 asd asd 
asd asd 66 asd asd 84 23 asd 
85 asd 32 96 90 asd asd asd 
6 asd asd 71 asd 76 asd 96 
31 51 76 86 47 8 6 90 

[DEBUG] 2019-06-17 20:27:38 [main] CubeMatrixValidator:13 - [asd asd asd asd 48 asd 43 23 , 40 asd 61 asd 48 asd asd asd , 87 15 asd 53 6 asd 82 asd , asd asd asd 48 asd 91 asd asd , asd asd 66 asd asd 84 23 asd , 85 asd 32 96 90 asd asd asd , 6 asd asd 71 asd 76 asd 96 , 31 51 76 86 47 8 6 90 ]
[DEBUG] 2019-06-17 20:27:38 [main] CubeMatrixValidator:17 - [asd, asd, asd, asd, 48, asd, 43, 23]
[DEBUG] 2019-06-17 20:27:38 [main] DataValidator:48 - Matrix is not valid.
[DEBUG] 2019-06-17 20:27:38 [main] DataValidator:36 - N : 8
[DEBUG] 2019-06-17 20:27:38 [main] DataValidator:37 - M : 4
[DEBUG] 2019-06-17 20:27:38 [main] DataValidator:36 - N : 12
[DEBUG] 2019-06-17 20:27:38 [main] DataValidator:37 - M : 6
[DEBUG] 2019-06-17 20:27:38 [main] DataValidator:36 - N : 8
[DEBUG] 2019-06-17 20:27:38 [main] DataValidator:37 - M : 4
[DEBUG] 2019-06-17 20:27:38 [main] DataValidatorTest:43 - 91 39 18 43 94 10 39 78 
0 97 1 1 84 20 86 90 
32 51 66 28 23 26 31 83 
83 38 66 50 5 46 31 35 
40 61 49 79 86 35 47 63 
99 99 19 85 0 96 98 40 
63 8 57 39 95 70 51 18 
18 68 67 50 67 29 96 95 
4
[DEBUG] 2019-06-17 20:27:38 [main] DataValidator:45 - JOIN STRING: 91 39 18 43 94 10 39 78 

[DEBUG] 2019-06-17 20:27:38 [main] DataValidator:45 - JOIN STRING: 91 39 18 43 94 10 39 78 
0 97 1 1 84 20 86 90 

[DEBUG] 2019-06-17 20:27:38 [main] DataValidator:45 - JOIN STRING: 91 39 18 43 94 10 39 78 
0 97 1 1 84 20 86 90 
32 51 66 28 23 26 31 83 

[DEBUG] 2019-06-17 20:27:38 [main] DataValidator:45 - JOIN STRING: 91 39 18 43 94 10 39 78 
0 97 1 1 84 20 86 90 
32 51 66 28 23 26 31 83 
83 38 66 50 5 46 31 35 

[DEBUG] 2019-06-17 20:27:38 [main] DataValidator:45 - JOIN STRING: 91 39 18 43 94 10 39 78 
0 97 1 1 84 20 86 90 
32 51 66 28 23 26 31 83 
83 38 66 50 5 46 31 35 
40 61 49 79 86 35 47 63 

[DEBUG] 2019-06-17 20:27:38 [main] DataValidator:45 - JOIN STRING: 91 39 18 43 94 10 39 78 
0 97 1 1 84 20 86 90 
32 51 66 28 23 26 31 83 
83 38 66 50 5 46 31 35 
40 61 49 79 86 35 47 63 
99 99 19 85 0 96 98 40 

[DEBUG] 2019-06-17 20:27:38 [main] DataValidator:45 - JOIN STRING: 91 39 18 43 94 10 39 78 
0 97 1 1 84 20 86 90 
32 51 66 28 23 26 31 83 
83 38 66 50 5 46 31 35 
40 61 49 79 86 35 47 63 
99 99 19 85 0 96 98 40 
63 8 57 39 95 70 51 18 

[DEBUG] 2019-06-17 20:27:38 [main] DataValidator:45 - JOIN STRING: 91 39 18 43 94 10 39 78 
0 97 1 1 84 20 86 90 
32 51 66 28 23 26 31 83 
83 38 66 50 5 46 31 35 
40 61 49 79 86 35 47 63 
99 99 19 85 0 96 98 40 
63 8 57 39 95 70 51 18 
18 68 67 50 67 29 96 95 

[DEBUG] 2019-06-17 20:27:38 [main] CubeMatrixValidator:13 - [91 39 18 43 94 10 39 78 , 0 97 1 1 84 20 86 90 , 32 51 66 28 23 26 31 83 , 83 38 66 50 5 46 31 35 , 40 61 49 79 86 35 47 63 , 99 99 19 85 0 96 98 40 , 63 8 57 39 95 70 51 18 , 18 68 67 50 67 29 96 95 ]
[DEBUG] 2019-06-17 20:27:38 [main] CubeMatrixValidator:17 - [91, 39, 18, 43, 94, 10, 39, 78]
[DEBUG] 2019-06-17 20:27:38 [main] CubeMatrixValidator:17 - [0, 97, 1, 1, 84, 20, 86, 90]
[DEBUG] 2019-06-17 20:27:38 [main] CubeMatrixValidator:17 - [32, 51, 66, 28, 23, 26, 31, 83]
[DEBUG] 2019-06-17 20:27:38 [main] CubeMatrixValidator:17 - [83, 38, 66, 50, 5, 46, 31, 35]
[DEBUG] 2019-06-17 20:27:38 [main] CubeMatrixValidator:17 - [40, 61, 49, 79, 86, 35, 47, 63]
[DEBUG] 2019-06-17 20:27:38 [main] CubeMatrixValidator:17 - [99, 99, 19, 85, 0, 96, 98, 40]
[DEBUG] 2019-06-17 20:27:38 [main] CubeMatrixValidator:17 - [63, 8, 57, 39, 95, 70, 51, 18]
[DEBUG] 2019-06-17 20:27:38 [main] CubeMatrixValidator:17 - [18, 68, 67, 50, 67, 29, 96, 95]
[DEBUG] 2019-06-17 20:27:38 [main] DataValidator:57 - N : 8
[DEBUG] 2019-06-17 20:27:38 [main] DataValidator:58 - M : 4
[DEBUG] 2019-06-17 20:27:38 [main] DataValidatorTest:53 - 21 82 52 81 22 16 35 32 39 90 31 98 
97 24 18 46 85 71 26 62 23 5 68 66 
68 89 63 64 95 52 52 85 96 91 5 50 
97 61 19 56 73 45 97 2 5 58 82 5 
21 79 51 18 21 69 38 63 86 36 87 44 
13 65 50 5 59 55 98 90 47 58 1 32 
56 69 84 26 74 36 67 95 56 57 98 90 
92 48 46 54 72 46 3 5 70 74 47 24 
27 79 4 8 8 79 56 11 77 46 78 82 
11 80 72 55 90 56 0 32 20 68 44 50 
21 86 19 25 48 22 70 92 7 31 79 90 
8 36 65 20 28 71 13 46 68 92 30 50 
6
