[DEBUG] 2019-06-14 22:12:27 [main] CubeMatrixTest:36 - Column size: 4, Row size: 4
[DEBUG] 2019-06-14 22:12:27 [main] CubeMatrixTest:43 - Expected: Cell [value=194, changable=true]
[DEBUG] 2019-06-14 22:12:27 [main] CubeMatrixTest:44 - In cube matrix: Cell [value=194, changable=true]
[DEBUG] 2019-06-14 22:12:27 [main] CubeMatrixTest:43 - Expected: Cell [value=261, changable=true]
[DEBUG] 2019-06-14 22:12:27 [main] CubeMatrixTest:44 - In cube matrix: Cell [value=261, changable=true]
[DEBUG] 2019-06-14 22:12:27 [main] CubeMatrixTest:43 - Expected: Cell [value=496, changable=true]
[DEBUG] 2019-06-14 22:12:27 [main] CubeMatrixTest:44 - In cube matrix: Cell [value=496, changable=true]
[DEBUG] 2019-06-14 22:12:27 [main] CubeMatrixTest:43 - Expected: Cell [value=401, changable=true]
[DEBUG] 2019-06-14 22:12:27 [main] CubeMatrixTest:44 - In cube matrix: Cell [value=401, changable=true]
[DEBUG] 2019-06-14 22:12:27 [main] CubeMatrixTest:43 - Expected: Cell [value=361, changable=true]
[DEBUG] 2019-06-14 22:12:27 [main] CubeMatrixTest:44 - In cube matrix: Cell [value=361, changable=true]
[DEBUG] 2019-06-14 22:12:27 [main] CubeMatrixTest:43 - Expected: Cell [value=915, changable=true]
[DEBUG] 2019-06-14 22:12:27 [main] CubeMatrixTest:44 - In cube matrix: Cell [value=915, changable=true]
[DEBUG] 2019-06-14 22:12:27 [main] CubeMatrixTest:43 - Expected: Cell [value=291, changable=true]
[DEBUG] 2019-06-14 22:12:27 [main] CubeMatrixTest:44 - In cube matrix: Cell [value=291, changable=true]
[DEBUG] 2019-06-14 22:12:27 [main] CubeMatrixTest:43 - Expected: Cell [value=927, changable=true]
[DEBUG] 2019-06-14 22:12:27 [main] CubeMatrixTest:44 - In cube matrix: Cell [value=927, changable=true]
[DEBUG] 2019-06-14 22:12:27 [main] CubeMatrixTest:43 - Expected: Cell [value=79, changable=true]
[DEBUG] 2019-06-14 22:12:27 [main] CubeMatrixTest:44 - In cube matrix: Cell [value=79, changable=true]
[DEBUG] 2019-06-14 22:12:27 [main] CubeMatrixTest:43 - Expected: Cell [value=297, changable=true]
[DEBUG] 2019-06-14 22:12:27 [main] CubeMatrixTest:44 - In cube matrix: Cell [value=297, changable=true]
[DEBUG] 2019-06-14 22:12:27 [main] CubeMatrixTest:43 - Expected: Cell [value=989, changable=true]
[DEBUG] 2019-06-14 22:12:27 [main] CubeMatrixTest:44 - In cube matrix: Cell [value=989, changable=true]
[DEBUG] 2019-06-14 22:12:27 [main] CubeMatrixTest:43 - Expected: Cell [value=438, changable=true]
[DEBUG] 2019-06-14 22:12:27 [main] CubeMatrixTest:44 - In cube matrix: Cell [value=438, changable=true]
[DEBUG] 2019-06-14 22:12:27 [main] CubeMatrixTest:43 - Expected: Cell [value=648, changable=true]
[DEBUG] 2019-06-14 22:12:27 [main] CubeMatrixTest:44 - In cube matrix: Cell [value=648, changable=true]
[DEBUG] 2019-06-14 22:12:27 [main] CubeMatrixTest:43 - Expected: Cell [value=971, changable=true]
[DEBUG] 2019-06-14 22:12:27 [main] CubeMatrixTest:44 - In cube matrix: Cell [value=971, changable=true]
[DEBUG] 2019-06-14 22:12:27 [main] CubeMatrixTest:43 - Expected: Cell [value=974, changable=true]
[DEBUG] 2019-06-14 22:12:27 [main] CubeMatrixTest:44 - In cube matrix: Cell [value=974, changable=true]
[DEBUG] 2019-06-14 22:12:27 [main] CubeMatrixTest:43 - Expected: Cell [value=495, changable=true]
[DEBUG] 2019-06-14 22:12:27 [main] CubeMatrixTest:44 - In cube matrix: Cell [value=495, changable=true]
[DEBUG] 2019-06-14 22:13:16 [main] DataToCubeMatrixConverterTest:84 - Expected cell: Cell [value=1, changable=true]
[DEBUG] 2019-06-14 22:13:16 [main] DataToCubeMatrixConverterTest:85 - Cell: Cell [value=1, changable=true]
[DEBUG] 2019-06-14 22:13:16 [main] DataToCubeMatrixConverterTest:84 - Expected cell: Cell [value=5, changable=true]
[DEBUG] 2019-06-14 22:13:16 [main] DataToCubeMatrixConverterTest:85 - Cell: Cell [value=5, changable=true]
[DEBUG] 2019-06-14 22:13:16 [main] DataToCubeMatrixConverterTest:67 - Expected cell: Cell [value=1, changable=true]
[DEBUG] 2019-06-14 22:13:16 [main] DataToCubeMatrixConverterTest:68 - Cell: Cell [value=1, changable=true]
[DEBUG] 2019-06-14 22:13:16 [main] DataToCubeMatrixConverterTest:67 - Expected cell: Cell [value=5, changable=true]
[DEBUG] 2019-06-14 22:13:16 [main] DataToCubeMatrixConverterTest:68 - Cell: Cell [value=5, changable=true]
[DEBUG] 2019-06-14 22:15:02 [main] DataToCubeMatrixConverterTest:84 - Expected cell: Cell [value=1, changable=true]
[DEBUG] 2019-06-14 22:15:02 [main] DataToCubeMatrixConverterTest:85 - Cell: Cell [value=1, changable=true]
[DEBUG] 2019-06-14 22:15:02 [main] DataToCubeMatrixConverterTest:84 - Expected cell: Cell [value=5, changable=true]
[DEBUG] 2019-06-14 22:15:02 [main] DataToCubeMatrixConverterTest:85 - Cell: Cell [value=5, changable=true]
[DEBUG] 2019-06-14 22:15:02 [main] DataToCubeMatrixConverterTest:67 - Expected cell: Cell [value=1, changable=true]
[DEBUG] 2019-06-14 22:15:02 [main] DataToCubeMatrixConverterTest:68 - Cell: Cell [value=1, changable=true]
[DEBUG] 2019-06-14 22:15:02 [main] DataToCubeMatrixConverterTest:67 - Expected cell: Cell [value=5, changable=true]
[DEBUG] 2019-06-14 22:15:02 [main] DataToCubeMatrixConverterTest:68 - Cell: Cell [value=5, changable=true]
[DEBUG] 2019-06-14 22:17:07 [main] DataToCubeMatrixConverterTest:84 - Expected cell: Cell [value=1, changable=true]
[DEBUG] 2019-06-14 22:17:07 [main] DataToCubeMatrixConverterTest:85 - Cell: Cell [value=1, changable=true]
[DEBUG] 2019-06-14 22:17:07 [main] DataToCubeMatrixConverterTest:84 - Expected cell: Cell [value=5, changable=true]
[DEBUG] 2019-06-14 22:17:07 [main] DataToCubeMatrixConverterTest:85 - Cell: Cell [value=5, changable=true]
[DEBUG] 2019-06-14 22:17:07 [main] DataToCubeMatrixConverterTest:67 - Expected cell: Cell [value=1, changable=true]
[DEBUG] 2019-06-14 22:17:07 [main] DataToCubeMatrixConverterTest:68 - Cell: Cell [value=1, changable=true]
[DEBUG] 2019-06-14 22:17:07 [main] DataToCubeMatrixConverterTest:67 - Expected cell: Cell [value=5, changable=true]
[DEBUG] 2019-06-14 22:17:07 [main] DataToCubeMatrixConverterTest:68 - Cell: Cell [value=5, changable=true]
[DEBUG] 2019-06-14 22:17:33 [main] DataToCubeMatrixConverterTest:77 - -------UsingFileAction---------
[DEBUG] 2019-06-14 22:17:33 [main] DataToCubeMatrixConverterTest:85 - Expected cell: Cell [value=1, changable=true]
[DEBUG] 2019-06-14 22:17:33 [main] DataToCubeMatrixConverterTest:86 - Cell: Cell [value=1, changable=true]
[DEBUG] 2019-06-14 22:17:33 [main] DataToCubeMatrixConverterTest:85 - Expected cell: Cell [value=5, changable=true]
[DEBUG] 2019-06-14 22:17:33 [main] DataToCubeMatrixConverterTest:86 - Cell: Cell [value=5, changable=true]
[DEBUG] 2019-06-14 22:17:33 [main] DataToCubeMatrixConverterTest:67 - Expected cell: Cell [value=1, changable=true]
[DEBUG] 2019-06-14 22:17:33 [main] DataToCubeMatrixConverterTest:68 - Cell: Cell [value=1, changable=true]
[DEBUG] 2019-06-14 22:17:33 [main] DataToCubeMatrixConverterTest:67 - Expected cell: Cell [value=5, changable=true]
[DEBUG] 2019-06-14 22:17:33 [main] DataToCubeMatrixConverterTest:68 - Cell: Cell [value=5, changable=true]
[DEBUG] 2019-06-14 22:18:28 [main] CubeMatrixTest:36 - Column size: 4, Row size: 4
[DEBUG] 2019-06-14 22:18:28 [main] CubeMatrixTest:43 - Expected: Cell [value=581, changable=true]
[DEBUG] 2019-06-14 22:18:28 [main] CubeMatrixTest:44 - In cube matrix: Cell [value=581, changable=true]
[DEBUG] 2019-06-14 22:18:28 [main] CubeMatrixTest:43 - Expected: Cell [value=156, changable=true]
[DEBUG] 2019-06-14 22:18:28 [main] CubeMatrixTest:44 - In cube matrix: Cell [value=156, changable=true]
[DEBUG] 2019-06-14 22:18:28 [main] CubeMatrixTest:43 - Expected: Cell [value=812, changable=true]
[DEBUG] 2019-06-14 22:18:28 [main] CubeMatrixTest:44 - In cube matrix: Cell [value=812, changable=true]
[DEBUG] 2019-06-14 22:18:28 [main] CubeMatrixTest:43 - Expected: Cell [value=542, changable=true]
[DEBUG] 2019-06-14 22:18:28 [main] CubeMatrixTest:44 - In cube matrix: Cell [value=542, changable=true]
[DEBUG] 2019-06-14 22:18:28 [main] CubeMatrixTest:43 - Expected: Cell [value=113, changable=true]
[DEBUG] 2019-06-14 22:18:28 [main] CubeMatrixTest:44 - In cube matrix: Cell [value=113, changable=true]
[DEBUG] 2019-06-14 22:18:28 [main] CubeMatrixTest:43 - Expected: Cell [value=755, changable=true]
[DEBUG] 2019-06-14 22:18:28 [main] CubeMatrixTest:44 - In cube matrix: Cell [value=755, changable=true]
[DEBUG] 2019-06-14 22:18:28 [main] CubeMatrixTest:43 - Expected: Cell [value=636, changable=true]
[DEBUG] 2019-06-14 22:18:28 [main] CubeMatrixTest:44 - In cube matrix: Cell [value=636, changable=true]
[DEBUG] 2019-06-14 22:18:28 [main] CubeMatrixTest:43 - Expected: Cell [value=442, changable=true]
[DEBUG] 2019-06-14 22:18:28 [main] CubeMatrixTest:44 - In cube matrix: Cell [value=442, changable=true]
[DEBUG] 2019-06-14 22:18:28 [main] CubeMatrixTest:43 - Expected: Cell [value=987, changable=true]
[DEBUG] 2019-06-14 22:18:28 [main] CubeMatrixTest:44 - In cube matrix: Cell [value=987, changable=true]
[DEBUG] 2019-06-14 22:18:28 [main] CubeMatrixTest:43 - Expected: Cell [value=292, changable=true]
[DEBUG] 2019-06-14 22:18:28 [main] CubeMatrixTest:44 - In cube matrix: Cell [value=292, changable=true]
[DEBUG] 2019-06-14 22:18:28 [main] CubeMatrixTest:43 - Expected: Cell [value=708, changable=true]
[DEBUG] 2019-06-14 22:18:28 [main] CubeMatrixTest:44 - In cube matrix: Cell [value=708, changable=true]
[DEBUG] 2019-06-14 22:18:28 [main] CubeMatrixTest:43 - Expected: Cell [value=324, changable=true]
[DEBUG] 2019-06-14 22:18:28 [main] CubeMatrixTest:44 - In cube matrix: Cell [value=324, changable=true]
[DEBUG] 2019-06-14 22:18:28 [main] CubeMatrixTest:43 - Expected: Cell [value=326, changable=true]
[DEBUG] 2019-06-14 22:18:28 [main] CubeMatrixTest:44 - In cube matrix: Cell [value=326, changable=true]
[DEBUG] 2019-06-14 22:18:28 [main] CubeMatrixTest:43 - Expected: Cell [value=385, changable=true]
[DEBUG] 2019-06-14 22:18:28 [main] CubeMatrixTest:44 - In cube matrix: Cell [value=385, changable=true]
[DEBUG] 2019-06-14 22:18:28 [main] CubeMatrixTest:43 - Expected: Cell [value=822, changable=true]
[DEBUG] 2019-06-14 22:18:28 [main] CubeMatrixTest:44 - In cube matrix: Cell [value=822, changable=true]
[DEBUG] 2019-06-14 22:18:28 [main] CubeMatrixTest:43 - Expected: Cell [value=987, changable=true]
[DEBUG] 2019-06-14 22:18:28 [main] CubeMatrixTest:44 - In cube matrix: Cell [value=987, changable=true]
[DEBUG] 2019-06-14 22:20:18 [main] DataToCubeMatrixConverterTest:77 - -------UsingFileAction---------
[DEBUG] 2019-06-14 22:20:18 [main] DataToCubeMatrixConverterTest:85 - Expected cell: Cell [value=1, changable=true]
[DEBUG] 2019-06-14 22:20:18 [main] DataToCubeMatrixConverterTest:86 - Cell: Cell [value=1, changable=true]
[DEBUG] 2019-06-14 22:20:18 [main] DataToCubeMatrixConverterTest:85 - Expected cell: Cell [value=5, changable=true]
[DEBUG] 2019-06-14 22:20:18 [main] DataToCubeMatrixConverterTest:86 - Cell: Cell [value=5, changable=true]
[DEBUG] 2019-06-14 22:20:18 [main] DataToCubeMatrixConverterTest:67 - Expected cell: Cell [value=1, changable=true]
[DEBUG] 2019-06-14 22:20:18 [main] DataToCubeMatrixConverterTest:68 - Cell: Cell [value=1, changable=true]
[DEBUG] 2019-06-14 22:20:18 [main] DataToCubeMatrixConverterTest:67 - Expected cell: Cell [value=5, changable=true]
[DEBUG] 2019-06-14 22:20:18 [main] DataToCubeMatrixConverterTest:68 - Cell: Cell [value=5, changable=true]
[DEBUG] 2019-06-14 22:21:21 [main] DataToCubeMatrixConverterTest:79 - -------UsingFileAction---------
[DEBUG] 2019-06-14 22:21:21 [main] DataToCubeMatrixConverterTest:85 - i: 0
[DEBUG] 2019-06-14 22:21:21 [main] DataToCubeMatrixConverterTest:86 - j: 0
[DEBUG] 2019-06-14 22:21:21 [main] DataToCubeMatrixConverterTest:89 - Expected cell: Cell [value=1, changable=true]
[DEBUG] 2019-06-14 22:21:21 [main] DataToCubeMatrixConverterTest:90 - Cell: Cell [value=1, changable=true]
[DEBUG] 2019-06-14 22:21:21 [main] DataToCubeMatrixConverterTest:85 - i: 0
[DEBUG] 2019-06-14 22:21:21 [main] DataToCubeMatrixConverterTest:86 - j: 1
[DEBUG] 2019-06-14 22:21:21 [main] DataToCubeMatrixConverterTest:89 - Expected cell: Cell [value=5, changable=true]
[DEBUG] 2019-06-14 22:21:21 [main] DataToCubeMatrixConverterTest:90 - Cell: Cell [value=5, changable=true]
[DEBUG] 2019-06-14 22:21:21 [main] DataToCubeMatrixConverterTest:85 - i: 0
